wanderlist/WanderList-TWA/app/build/outputs/mapping/release/seeds.txt
app.web.wanderlist_59fb6.twa.DelegationService
app.web.wanderlist_59fb6.twa.LauncherActivity
app.web.wanderlist_59fb6.twa.Application
app.web.wanderlist_59fb6.twa.LauncherActivity: LauncherActivity()
app.web.wanderlist_59fb6.twa.Application: Application()
app.web.wanderlist_59fb6.twa.DelegationService: DelegationService()
...
androidx.core.app.CoreComponentFactory
androidx.lifecycle.LiveData$LifecycleBoundObserver
com.google.android.gms.common.api.Status
com.google.android.gms.common.GooglePlayServicesMissingManifestValueException
com.google.android.gms.common.GooglePlayServicesManifestException
android.support.v4.graphics.drawable.IconCompatParcelizer
com.google.android.gms.common.GooglePlayServicesIncorrectManifestValueException
androidx.core.graphics.drawable.IconCompat
androidx.core.graphics.drawable.IconCompatParcelizer
androidx.lifecycle.SingleGeneratedAdapterObserver
androidx.lifecycle.ReflectiveGenericLifecycleObserver
android.support.v4.app.RemoteActionCompatParcelizer
com.google.android.gms.common.api.Scope
androidx.core.content.FileProvider
androidx.browser.browseractions.BrowserActionsFallbackMenuView
androidx.core.app.RemoteActionCompat
com.google.androidbrowserhelper.trusted.ManageDataLauncherActivity
androidx.versionedparcelable.CustomVersionedParcelable
com.google.android.gms.location.LocationRequest
com.google.android.gms.common.api.GoogleApiActivity
com.google.android.gms.common.annotation.KeepName
com.google.android.gms.dynamite.DynamiteModule$DynamiteLoaderClassLoader
com.google.androidbrowserhelper.trusted.NotificationPermissionRequestActivity
com.google.androidbrowserhelper.locationdelegation.PermissionRequestActivity
com.google.android.gms.common.internal.ReflectedParcelable
androidx.versionedparcelable.ParcelImpl
com.google.android.gms.location.LocationResult
androidx.lifecycle.FullLifecycleObserverAdapter
com.google.android.gms.common.internal.RootTelemetryConfiguration: android.os.Parcelable$Creator CREATOR
com.google.android.gms.signin.internal.zak: android.os.Parcelable$Creator CREATOR
com.google.android.gms.internal.location.zzd: android.os.Parcelable$Creator CREATOR
com.google.android.gms.common.internal.zat: android.os.Parcelable$Creator CREATOR
com.google.android.gms.internal.location.zzdd: android.os.Parcelable$Creator CREATOR
com.google.android.gms.location.LocationResult: android.os.Parcelable$Creator CREATOR
com.google.android.gms.signin.internal.zag: android.os.Parcelable$Creator CREATOR
com.google.android.gms.location.LocationRequest: android.os.Parcelable$Creator CREATOR
androidx.versionedparcelable.ParcelImpl: android.os.Parcelable$Creator CREATOR
com.google.android.gms.dynamite.DynamiteModule$DynamiteLoaderClassLoader: java.lang.ClassLoader sClassLoader
com.google.android.gms.common.api.Scope: android.os.Parcelable$Creator CREATOR
com.google.android.gms.common.internal.zzj: android.os.Parcelable$Creator CREATOR
com.google.android.gms.common.internal.zav: android.os.Parcelable$Creator CREATOR
com.google.android.gms.common.internal.ConnectionTelemetryConfiguration: android.os.Parcelable$Creator CREATOR
com.google.android.gms.internal.location.zzdf: android.os.Parcelable$Creator CREATOR
com.google.android.gms.internal.location.zzdb: android.os.Parcelable$Creator CREATOR
com.google.android.gms.common.api.Status: android.os.Parcelable$Creator CREATOR
com.google.android.gms.location.zzac: android.os.Parcelable$Creator CREATOR
com.google.android.gms.common.internal.GetServiceRequest: android.os.Parcelable$Creator CREATOR
com.google.android.gms.auth.api.signin.GoogleSignInAccount: android.os.Parcelable$Creator CREATOR
com.google.android.gms.signin.internal.zaa: android.os.Parcelable$Creator CREATOR
com.google.android.gms.internal.location.zzg: android.os.Parcelable$Creator CREATOR
com.google.android.gms.common.ConnectionResult: android.os.Parcelable$Creator CREATOR
com.google.android.gms.signin.internal.zai: android.os.Parcelable$Creator CREATOR
com.google.android.gms.common.Feature: android.os.Parcelable$Creator CREATOR
com.google.android.gms.location.LastLocationRequest: android.os.Parcelable$Creator CREATOR
com.google.android.gms.common.internal.TelemetryData: android.os.Parcelable$Creator CREATOR