wanderlist/WanderList-TWA/app/build/outputs/mapping/release/mapping.txt
# compiler: R8
# compiler_version: 8.5.10
# min_api: 21
# common_typos_disable
# {"id":"com.android.tools.r8.mapping","version":"2.2"}
# pg_map_id: 6bc086c
# pg_map_hash: SHA-256 6bc086c9335db30efda00a5486767d1114ea65019beea68d662121f468561f68
app.web.wanderlist_59fb6.twa.Application -> app.web.wanderlist_59fb6.twa.Application:
# {"id":"sourceFile","fileName":"Application.java"}
app.web.wanderlist_59fb6.twa.DelegationService -> app.web.wanderlist_59fb6.twa.DelegationService:
# {"id":"sourceFile","fileName":"DelegationService.java"}
app.web.wanderlist_59fb6.twa.LauncherActivity -> app.web.wanderlist_59fb6.twa.LauncherActivity:
# {"id":"sourceFile","fileName":"LauncherActivity.java"}
    1:1:android.net.Uri getLaunchingUrl():0:0 -> h
...
com.google.android.gms.common.api.internal.zacq -> r.x:
# {"id":"sourceFile","fileName":"com.google.android.gms:play-services-base@@18.1.0"}
    com.google.android.gms.common.api.internal.zact zaa -> a
      # {"id":"com.android.tools.r8.residualsignature","signature":"Lr/A;"}
    1:6:void <init>(com.google.android.gms.common.api.internal.zact):0:0 -> <init>
      # {"id":"com.android.tools.r8.residualsignature","signature":"(Lr/A;)V"}
    1:16:void run():0:0 -> run
com.google.android.gms.common.api.internal.zacr -> r.y:
# {"id":"sourceFile","fileName":"com.google.android.gms:play-services-base@@18.1.0"}
    com.google.android.gms.signin.internal.zak zaa -> a
      # {"id":"com.android.tools.r8.residualsignature","signature":"LG/l;"}
    com.google.android.gms.common.api.internal.zact zab -> b
      # {"id":"com.android.tools.r8.residualsignature","signature":"Lr/A;"}
    1:8:void <init>(com.google.android.gms.common.api.internal.zact,com.google.android.gms.signin.internal.zak):0:0 -> <init>
      # {"id":"com.android.tools.r8.residualsignature","signature":"(Lr/A;LG/l;)V"}
    1:8:void run():0:0 -> run
com.google.android.gms.common.api.internal.zacs -> r.z:
# {"id":"sourceFile","fileName":"com.google.android.gms:play-services-base@@18.1.0"}
    void zae(com.google.android.gms.common.ConnectionResult) -> b
      # {"id":"com.android.tools.r8.residualsignature","signature":"(Lp/a;)V"}
    void zaf(com.google.android.gms.common.internal.IAccountAccessor,java.util.Set) -> c
      # {"id":"com.android.tools.r8.residualsignature","signature":"(Ls/j;Ljava/util/Set;)V"}
com.google.android.gms.common.api.internal.zact -> r.A:
# {"id":"sourceFile","fileName":"com.google.android.gms:play-services-base@@18.1.0"}
    android.content.Context zab -> a
    android.os.Handler zac -> b
    com.google.android.gms.common.api.Api$AbstractClientBuilder zad -> c
      # {"id":"com.android.tools.r8.residualsignature","signature":"Lq/a$a;"}
    java.util.Set zae -> d
    com.google.android.gms.common.internal.ClientSettings zaf -> e
      # {"id":"com.android.tools.r8.residualsignature","signature":"Ls/e;"}
    com.google.android.gms.signin.zae zag -> f
      # {"id":"com.android.tools.r8.residualsignature","signature":"LF/e;"}
    com.google.android.gms.common.api.internal.zacs zah -> g
      # {"id":"com.android.tools.r8.residualsignature","signature":"Lr/z;"}
    com.google.android.gms.common.api.Api$AbstractClientBuilder zaa -> h
      # {"id":"com.android.tools.r8.residualsignature","signature":"Lq/a$a;"}
    1:5:void <clinit>():0:0 -> <clinit>
    1:28:void <init>(android.content.Context,android.os.Handler,com.google.android.gms.common.internal.ClientSettings):0:0 -> <init>
      # {"id":"com.android.tools.r8.residualsignature","signature":"(Landroid/content/Context;Landroid/os/Handler;Ls/e;)V"}
    1:3:com.google.android.gms.common.api.internal.zacs zac(com.google.android.gms.common.api.internal.zact):0:0 -> Q
      # {"id":"com.android.tools.r8.residualsignature","signature":"(Lr/A;)Lr/z;"}
com.google.android.gms.common.api.internal.zacv -> com.google.android.gms.common.api.internal.z:
# {"id":"sourceFile","fileName":"com.google.android.gms:play-services-base@@18.1.0"}
    com.google.android.gms.common.api.internal.TaskApiCall$Builder zaa -> d
      # {"id":"com.android.tools.r8.residualsignature","signature":"Lcom/google/android/gms/common/api/internal/g$a;"}
    1:6:void <init>(com.google.android.gms.common.api.internal.TaskApiCall$Builder,com.google.android.gms.common.Feature[],boolean,int):0:0 -> <init>
      # {"id":"com.android.tools.r8.residualsignature","signature":"(Lcom/google/android/gms/common/api/internal/g$a;[Lp/c;ZI)V"}
    1:10:void doExecute(com.google.android.gms.common.api.Api$AnyClient,com.google.android.gms.tasks.TaskCompletionSource):0:0 -> b
      # {"id":"com.android.tools.r8.residualsignature","signature":"(Lq/a$b;LH/f;)V"}