wanderlist/WanderList-TWA/app/build/outputs/mapping/release/usage.txt
app.web.wanderlist_59fb6.twa.R$bool
app.web.wanderlist_59fb6.twa.R$color
app.web.wanderlist_59fb6.twa.R$drawable
app.web.wanderlist_59fb6.twa.R$integer
app.web.wanderlist_59fb6.twa.R$mipmap
app.web.wanderlist_59fb6.twa.R$raw
app.web.wanderlist_59fb6.twa.R$string
app.web.wanderlist_59fb6.twa.R$xml
app.web.wanderlist_59fb6.twa.R
...
androidx.lifecycle.CompositeGeneratedAdaptersObserver:
    private final androidx.lifecycle.GeneratedAdapter[] mGeneratedAdapters
    void <init>(androidx.lifecycle.GeneratedAdapter[])
    public void onStateChanged(androidx.lifecycle.LifecycleOwner,androidx.lifecycle.Lifecycle$Event)
androidx.lifecycle.ComputableLiveData$1
androidx.lifecycle.ComputableLiveData$2
androidx.lifecycle.ComputableLiveData$3
androidx.lifecycle.ComputableLiveData
androidx.lifecycle.FullLifecycleObserver
androidx.lifecycle.FullLifecycleObserverAdapter$1
androidx.lifecycle.FullLifecycleObserverAdapter:
    private final androidx.lifecycle.FullLifecycleObserver mObserver
    void <init>(androidx.lifecycle.FullLifecycleObserver)
    public void onStateChanged(androidx.lifecycle.LifecycleOwner,androidx.lifecycle.Lifecycle$Event)
androidx.lifecycle.GeneratedAdapter
androidx.lifecycle.GenericLifecycleObserver
androidx.lifecycle.Lifecycle$Event
androidx.lifecycle.Lifecycle:
    public abstract void addObserver(androidx.lifecycle.LifecycleObserver)
    public abstract void removeObserver(androidx.lifecycle.LifecycleObserver)
androidx.lifecycle.LifecycleObserver
androidx.lifecycle.LifecycleRegistry$1
androidx.lifecycle.LifecycleRegistry$ObserverWithState
androidx.lifecycle.LifecycleRegistry:
    private static final java.lang.String LOG_TAG
    public void addObserver(androidx.lifecycle.LifecycleObserver)
    private void backwardPass(androidx.lifecycle.LifecycleOwner)
    private androidx.lifecycle.Lifecycle$State calculateTargetState(androidx.lifecycle.LifecycleObserver)
    private static androidx.lifecycle.Lifecycle$Event downEvent(androidx.lifecycle.Lifecycle$State)
    private void forwardPass(androidx.lifecycle.LifecycleOwner)
    public int getObserverCount()
    static androidx.lifecycle.Lifecycle$State getStateAfter(androidx.lifecycle.Lifecycle$Event)
    public void handleLifecycleEvent(androidx.lifecycle.Lifecycle$Event)
    private boolean isSynced()
    public void markState(androidx.lifecycle.Lifecycle$State)
    static androidx.lifecycle.Lifecycle$State min(androidx.lifecycle.Lifecycle$State,androidx.lifecycle.Lifecycle$State)
    private void moveToState(androidx.lifecycle.Lifecycle$State)
    private void popParentState()
    private void pushParentState(androidx.lifecycle.Lifecycle$State)
    public void removeObserver(androidx.lifecycle.LifecycleObserver)
    private void sync()
    private static androidx.lifecycle.Lifecycle$Event upEvent(androidx.lifecycle.Lifecycle$State)
androidx.lifecycle.LifecycleRegistryOwner
androidx.lifecycle.Lifecycling
androidx.lifecycle.LiveData$AlwaysActiveObserver
androidx.lifecycle.LiveData$LifecycleBoundObserver:
    final synthetic androidx.lifecycle.LiveData this$0
    void <init>(androidx.lifecycle.LiveData,androidx.lifecycle.LifecycleOwner,androidx.lifecycle.Observer)
    void detachObserver()
    boolean isAttachedTo(androidx.lifecycle.LifecycleOwner)
    public void onStateChanged(androidx.lifecycle.LifecycleOwner,androidx.lifecycle.Lifecycle$Event)
androidx.lifecycle.LiveData$ObserverWrapper:
    void <init>(androidx.lifecycle.LiveData,androidx.lifecycle.Observer)
    void detachObserver()
    boolean isAttachedTo(androidx.lifecycle.LifecycleOwner)
androidx.lifecycle.LiveData:
    static final int START_VERSION
    public java.lang.Object getValue()
    int getVersion()
    public boolean hasActiveObservers()
    public boolean hasObservers()
    public void observe(androidx.lifecycle.LifecycleOwner,androidx.lifecycle.Observer)
    public void observeForever(androidx.lifecycle.Observer)
    protected void postValue(java.lang.Object)
    public void removeObserver(androidx.lifecycle.Observer)
    public void removeObservers(androidx.lifecycle.LifecycleOwner)
androidx.lifecycle.MediatorLiveData$Source
androidx.lifecycle.MediatorLiveData
androidx.lifecycle.MethodCallsLogger